
> yamaha-test@0.1.0 dev
> next dev

▲ Next.js 16.2.6 (Turbopack)
- Local:         http://localhost:3000
- Network:       http://192.168.0.105:3000
- Environments: .env.local
✓ Ready in 196ms

 GET / 200 in 242ms (next.js: 118ms, application-code: 124ms)
 GET / 200 in 80ms (next.js: 56ms, application-code: 24ms)
 GET / 200 in 59ms (next.js: 11ms, application-code: 48ms)
 GET / 200 in 130ms (next.js: 74ms, application-code: 56ms)
 GET / 200 in 16ms (next.js: 1313µs, application-code: 15ms)
 GET / 200 in 155ms (next.js: 43ms, application-code: 112ms)
 GET /admin 200 in 177ms (next.js: 120ms, application-code: 57ms)
 GET /api/admin/auth/me 401 in 122ms (next.js: 96ms, application-code: 26ms)
 GET /admin/login 200 in 81ms (next.js: 59ms, application-code: 22ms)
 POST /api/admin/auth/login 200 in 102ms (next.js: 80ms, application-code: 23ms)
 GET /admin 200 in 14ms (next.js: 2ms, application-code: 12ms)
 GET /api/admin/auth/me 200 in 119ms (next.js: 1840µs, application-code: 117ms)
 GET /api/admin/quiz/questions 200 in 256ms (next.js: 146ms, application-code: 111ms)
 GET /api/admin/bikes 200 in 260ms (next.js: 173ms, application-code: 87ms)
 GET /api/admin/users?limit=1 200 in 276ms (next.js: 120ms, application-code: 156ms)
 GET /api/admin/generations?limit=1 200 in 267ms (next.js: 84ms, application-code: 183ms)
 GET /api/admin/users?limit=1 200 in 10ms (next.js: 5ms, application-code: 5ms)
 GET /api/admin/bikes 200 in 12ms (next.js: 3ms, application-code: 9ms)
 GET /api/admin/quiz/questions 200 in 15ms (next.js: 1501µs, application-code: 13ms)
 GET /api/admin/generations?limit=1 200 in 15ms (next.js: 3ms, application-code: 12ms)
 GET /admin/users 200 in 57ms (next.js: 38ms, application-code: 18ms)
 GET /api/admin/auth/me 200 in 16ms (next.js: 13ms, application-code: 3ms)
 GET /api/admin/users?page=1&limit=20 200 in 20ms (next.js: 4ms, application-code: 16ms)
 GET /api/admin/users?page=1&limit=20 200 in 6ms (next.js: 687µs, application-code: 6ms)
 GET /api/admin/generations/user?userId=41 200 in 1872ms (next.js: 1841ms, application-code: 31ms)
 GET /api/admin/generations/user?userId=32 200 in 71ms (next.js: 13ms, application-code: 58ms)
 GET /admin/generations 200 in 61ms (next.js: 36ms, application-code: 24ms)
 GET /api/admin/auth/me 200 in 8ms (next.js: 2ms, application-code: 5ms)
 GET /api/admin/generations?page=1&limit=20 200 in 26ms (next.js: 5ms, application-code: 21ms)
 GET /api/admin/generations?page=1&limit=20 200 in 19ms (next.js: 3ms, application-code: 16ms)
 GET /admin 200 in 86ms (next.js: 44ms, application-code: 43ms)
 GET /api/admin/auth/me 200 in 15ms (next.js: 4ms, application-code: 10ms)
 GET /api/admin/quiz/questions 200 in 40ms (next.js: 8ms, application-code: 32ms)
 GET /api/admin/bikes 200 in 52ms (next.js: 11ms, application-code: 41ms)
 GET /api/admin/users?limit=1 200 in 55ms (next.js: 3ms, application-code: 52ms)
 GET /api/admin/generations?limit=1 200 in 57ms (next.js: 6ms, application-code: 51ms)
 GET /api/admin/bikes 200 in 10ms (next.js: 3ms, application-code: 7ms)
 GET /api/admin/users?limit=1 200 in 11ms (next.js: 4ms, application-code: 7ms)
 GET /api/admin/quiz/questions 200 in 13ms (next.js: 1428µs, application-code: 11ms)
 GET /api/admin/generations?limit=1 200 in 16ms (next.js: 883µs, application-code: 15ms)
